<?xml version="1.0" encoding="UTF-8"?>
<!-- Generated by org.testng.reporters.JUnitReportReporter -->
<testsuite hostname="DLLA0574" name="TatocAutomation2.TatocAutomation2.AdvancedCourse" tests="1" failures="0" timestamp="24 Jul 2018 16:52:38 GMT" time="7.072" errors="0">
  <testcase name="advanced" time="7.072" classname="TatocAutomation2.TatocAutomation2.AdvancedCourse"/>
</testsuite> <!-- TatocAutomation2.TatocAutomation2.AdvancedCourse -->
