<?xml version="1.0" encoding="UTF-8"?>
<!-- Generated by org.testng.reporters.JUnitReportReporter -->
<testsuite hostname="DLLA0574" name="TatocAutomation2.TatocAutomation2.BasicCourse" tests="1" failures="0" timestamp="18 Jul 2018 08:51:32 GMT" time="21.321" errors="0">
  <testcase name="begin" time="21.321" classname="TatocAutomation2.TatocAutomation2.BasicCourse"/>
</testsuite> <!-- TatocAutomation2.TatocAutomation2.BasicCourse -->
